Arguments: 
  /usr/local/Cellar/node/14.4.0/bin/node /usr/local/Cellar/yarn/1.22.0/libexec/bin/yarn.js init

PATH: 
  /usr/local/opt/python@3.8/bin:/bin:/usr/bin:/usr/local/bin:/usr/local/bin:/usr/bin:/bin:/usr/sbin:/sbin:/Library/Apple/usr/bin:/usr/local/opt/python@3.8/bin:/Users/gotaegeon/.sdkman/candidates/java/current/bin:/Users/gotaegeon/.sdkman/candidates/gradle/current/bin:/Users/gotaegeon/Library/Android/sdk/emulator:/Users/gotaegeon/Library/Android/sdk/tools:/Users/gotaegeon/Library/Android/sdk/tools/bin:/Users/gotaegeon/Library/Android/sdk/platform-tools:/Users/gotaegeon/Library/Android/sdk/emulator:/Users/gotaegeon/Library/Android/sdk/tools:/Users/gotaegeon/Library/Android/sdk/tools/bin:/Users/gotaegeon/Library/Android/sdk/platform-tools

Yarn version: 
  1.22.0

Node version: 
  14.4.0

Platform: 
  darwin x64

Trace: 
  Error: canceled
      at Interface.<anonymous> (/usr/local/Cellar/yarn/1.22.0/libexec/lib/cli.js:136987:13)
      at Interface.emit (events.js:315:20)
      at Interface._ttyWrite (readline.js:873:16)
      at ReadStream.onkeypress (readline.js:213:10)
      at ReadStream.emit (events.js:315:20)
      at emitKeys (internal/readline/utils.js:335:14)
      at emitKeys.next (<anonymous>)
      at ReadStream.onData (readline.js:1140:36)
      at ReadStream.emit (events.js:315:20)
      at addChunk (_stream_readable.js:302:12)

npm manifest: 
  No manifest

yarn manifest: 
  No manifest

Lockfile: 
  No lockfile
